<?xml version="1.0" encoding="UTF-8"?>
<testsuite xmlns:xsi="http://www.w3.org/2001/XMLSchema-instance" xsi:noNamespaceSchemaLocation="https://maven.apache.org/surefire/maven-surefire-plugin/xsd/surefire-test-report.xsd" version="3.0.2" name="br.univille.projfabsoft.ProjfabsoftApplicationTests" time="7.279" tests="1" errors="0" skipped="0" failures="0">
  <properties>
[...]
</properties>
  <testcase name="contextLoads" classname="br.univille.projfabsoft.ProjfabsoftApplicationTests" time="0.674">
    <system-out><![CDATA[05:51:13.132 [main] INFO org.springframework.test.context.support.AnnotationConfigContextLoaderUtils -- Could not detect default configuration classes for test class [br.univille.projfabsoft.ProjfabsoftApplicationTests]: ProjfabsoftApplicationTests does not declare any static, non-private, non-final, nested classes annotated with @Configuration.
05:51:13.268 [main] INFO org.springframework.boot.test.context.SpringBootTestContextBootstrapper -- Found @SpringBootConfiguration br.univille.projfabsoft.ProjfabsoftApplication for test class br.univille.projfabsoft.ProjfabsoftApplicationTests
05:51:13.705 [main] INFO org.springframework.boot.devtools.restart.RestartApplicationListener -- Restart disabled due to context in which it is running

  .   ____          _            __ _ _
 /\\ / ___'_ __ _ _(_)_ __  __ _ \ \ \ \
( ( )\___ | '_ | '_| | '_ \/ _` | \ \ \ \
 \\/  ___)| |_)| | | | | || (_| |  ) ) ) )
  '  |____| .__|_| |_|_| |_\__, | / / / /
 =========|_|==============|___/=/_/_/_/

 :: Spring Boot ::                (v3.4.4)

2025-07-02T05:51:14.246Z  INFO 69197 --- [projfabsoft] [           main] b.u.p.ProjfabsoftApplicationTests        : Starting ProjfabsoftApplicationTests using Java 17.0.15 with PID 69197 (started by codespace in /workspaces/fabsofta-isabel_baggio-maria_eduarda_II/projetofabsoft_2025/projfabsoft)
2025-07-02T05:51:14.249Z  INFO 69197 --- [projfabsoft] [           main] b.u.p.ProjfabsoftApplicationTests        : The following 1 profile is active: "dev"
2025-07-02T05:51:15.443Z  INFO 69197 --- [projfabsoft] [           main] .s.d.r.c.RepositoryConfigurationDelegate : Bootstrapping Spring Data JPA repositories in DEFAULT mode.
2025-07-02T05:51:15.509Z  INFO 69197 --- [projfabsoft] [           main] .s.d.r.c.RepositoryConfigurationDelegate : Finished Spring Data repository scanning in 56 ms. Found 2 JPA repository interfaces.
2025-07-02T05:51:16.110Z  INFO 69197 --- [projfabsoft] [           main] o.hibernate.jpa.internal.util.LogHelper  : HHH000204: Processing PersistenceUnitInfo [name: default]
2025-07-02T05:51:16.236Z  INFO 69197 --- [projfabsoft] [           main] org.hibernate.Version                    : HHH000412: Hibernate ORM core version 6.6.11.Final
2025-07-02T05:51:16.299Z  INFO 69197 --- [projfabsoft] [           main] o.h.c.internal.RegionFactoryInitiator    : HHH000026: Second-level cache disabled
2025-07-02T05:51:16.671Z  INFO 69197 --- [projfabsoft] [           main] o.s.o.j.p.SpringPersistenceUnitInfo      : No LoadTimeWeaver setup: ignoring JPA class transformer
2025-07-02T05:51:16.702Z  INFO 69197 --- [projfabsoft] [           main] com.zaxxer.hikari.HikariDataSource       : HikariPool-1 - Starting...
2025-07-02T05:51:17.111Z  INFO 69197 --- [projfabsoft] [           main] com.zaxxer.hikari.pool.HikariPool        : HikariPool-1 - Added connection conn0: url=jdbc:h2:file:~/db user=SA
2025-07-02T05:51:17.113Z  INFO 69197 --- [projfabsoft] [           main] com.zaxxer.hikari.HikariDataSource       : HikariPool-1 - Start completed.
2025-07-02T05:51:17.143Z  WARN 69197 --- [projfabsoft] [           main] org.hibernate.orm.deprecation            : HHH90000025: H2Dialect does not need to be specified explicitly using 'hibernate.dialect' (remove the property setting and it will be selected by default)
2025-07-02T05:51:17.180Z  INFO 69197 --- [projfabsoft] [           main] org.hibernate.orm.connections.pooling    : HHH10001005: Database info:
	Database JDBC URL [Connecting through datasource 'HikariDataSource (HikariPool-1)']
	Database driver: undefined/unknown
	Database version: 2.3.232
	Autocommit mode: undefined/unknown
	Isolation level: undefined/unknown
	Minimum pool size: undefined/unknown
	Maximum pool size: undefined/unknown
2025-07-02T05:51:18.147Z  INFO 69197 --- [projfabsoft] [           main] o.h.e.t.j.p.i.JtaPlatformInitiator       : HHH000489: No JTA platform available (set 'hibernate.transaction.jta.platform' to enable JTA platform integration)
2025-07-02T05:51:18.245Z  INFO 69197 --- [projfabsoft] [           main] j.LocalContainerEntityManagerFactoryBean : Initialized JPA EntityManagerFactory for persistence unit 'default'
2025-07-02T05:51:18.812Z  WARN 69197 --- [projfabsoft] [           main] JpaBaseConfiguration$JpaWebConfiguration : spring.jpa.open-in-view is enabled by default. Therefore, database queries may be performed during view rendering. Explicitly configure spring.jpa.open-in-view to disable this warning
2025-07-02T05:51:19.091Z  INFO 69197 --- [projfabsoft] [           main] o.s.v.b.OptionalValidatorFactoryBean     : Failed to set up a Bean Validation provider: jakarta.validation.NoProviderFoundException: Unable to create a Configuration, because no Jakarta Bean Validation provider could be found. Add a provider like Hibernate Validator (RI) to your classpath.
2025-07-02T05:51:19.391Z  INFO 69197 --- [projfabsoft] [           main] o.s.b.a.h2.H2ConsoleAutoConfiguration    : H2 console available at '/bancodedados'. Database available at 'jdbc:h2:file:~/db'
2025-07-02T05:51:19.518Z  INFO 69197 --- [projfabsoft] [           main] b.u.p.ProjfabsoftApplicationTests        : Started ProjfabsoftApplicationTests in 5.842 seconds (process running for 7.473)
]]></system-out>
  </testcase>
</testsuite>